opencv451_arm64_v8a/build/intermediates/manifest_merge_blame_file/debug/manifest-merger-blame-debug-report.txt
1<?xml version="1.0" encoding="utf-8"?>
2<manifest xmlns:android="http://schemas.android.com/apk/res/android"
3    package="org.opencv"
4    android:versionCode="405010"
5    android:versionName="4.5.1" >
6
7    <uses-sdk
8        android:minSdkVersion="21"
8-->opencv451_arm64_v8a\java\AndroidManifest.xml
9        android:targetSdkVersion="28" />
9-->opencv451_arm64_v8a\java\AndroidManifest.xml
10
11    <uses-permission android:name="android.permission.CAMERA" />
11-->opencv451_arm64_v8a\java\AndroidManifest.xml:4:5-64
11-->opencv451_arm64_v8a\java\AndroidManifest.xml:4:22-62
12
13</manifest>